[2024-10-20T16:16:37.342+0200][gc] Using G1
[2024-10-20T16:16:37.364+0200][gc,init] Version: 17.0.12+7-Ubuntu-1ubuntu222.04 (release)
[2024-10-20T16:16:37.364+0200][gc,init] CPUs: 8 total, 8 available
[2024-10-20T16:16:37.364+0200][gc,init] Memory: 6865M
[2024-10-20T16:16:37.364+0200][gc,init] Large Page Support: Disabled
[2024-10-20T16:16:37.364+0200][gc,init] NUMA Support: Disabled
[2024-10-20T16:16:37.364+0200][gc,init] Compressed Oops: Enabled (32-bit)
[2024-10-20T16:16:37.364+0200][gc,init] Heap Region Size: 1M
[2024-10-20T16:16:37.364+0200][gc,init] Heap Min Capacity: 1G
[2024-10-20T16:16:37.364+0200][gc,init] Heap Initial Capacity: 1G
[2024-10-20T16:16:37.364+0200][gc,init] Heap Max Capacity: 1G
[2024-10-20T16:16:37.364+0200][gc,init] Pre-touch: Disabled
[2024-10-20T16:16:37.364+0200][gc,init] Parallel Workers: 8
[2024-10-20T16:16:37.364+0200][gc,init] Concurrent Workers: 2
[2024-10-20T16:16:37.364+0200][gc,init] Concurrent Refinement Workers: 8
[2024-10-20T16:16:37.364+0200][gc,init] Periodic GC: Disabled
[2024-10-20T16:16:37.373+0200][gc,metaspace] CDS archive(s) mapped at: [0x00007d54b3000000-0x00007d54b3bc4000-0x00007d54b3bc4000), size 12337152, SharedBaseAddress: 0x00007d54b3000000, ArchiveRelocationMode: 1.
[2024-10-20T16:16:37.373+0200][gc,metaspace] Compressed class space mapped at: 0x00007d54b4000000-0x00007d54f4000000, reserved size: 1073741824
[2024-10-20T16:16:37.373+0200][gc,metaspace] Narrow klass base: 0x00007d54b3000000, Narrow klass shift: 0, Narrow klass range: 0x100000000
[2024-10-20T16:16:38.524+0200][gc,start    ] GC(0) Pause Young (Normal) (G1 Evacuation Pause)
[2024-10-20T16:16:38.526+0200][gc,task     ] GC(0) Using 8 workers of 8 for evacuation
[2024-10-20T16:16:38.531+0200][gc,phases   ] GC(0)   Pre Evacuate Collection Set: 0,1ms
[2024-10-20T16:16:38.531+0200][gc,phases   ] GC(0)   Merge Heap Roots: 0,1ms
[2024-10-20T16:16:38.531+0200][gc,phases   ] GC(0)   Evacuate Collection Set: 4,5ms
[2024-10-20T16:16:38.531+0200][gc,phases   ] GC(0)   Post Evacuate Collection Set: 0,6ms
[2024-10-20T16:16:38.531+0200][gc,phases   ] GC(0)   Other: 1,5ms
[2024-10-20T16:16:38.531+0200][gc,heap     ] GC(0) Eden regions: 51->0(44)
[2024-10-20T16:16:38.531+0200][gc,heap     ] GC(0) Survivor regions: 0->7(7)
[2024-10-20T16:16:38.531+0200][gc,heap     ] GC(0) Old regions: 0->1
[2024-10-20T16:16:38.531+0200][gc,heap     ] GC(0) Archive regions: 2->2
[2024-10-20T16:16:38.531+0200][gc,heap     ] GC(0) Humongous regions: 0->0
[2024-10-20T16:16:38.531+0200][gc,metaspace] GC(0) Metaspace: 17744K(17984K)->17744K(17984K) NonClass: 15607K(15744K)->15607K(15744K) Class: 2136K(2240K)->2136K(2240K)
[2024-10-20T16:16:38.531+0200][gc          ] GC(0) Pause Young (Normal) (G1 Evacuation Pause) 51M->8M(1024M) 6,919ms
[2024-10-20T16:16:38.531+0200][gc,cpu      ] GC(0) User=0,03s Sys=0,01s Real=0,01s
[2024-10-20T16:16:38.788+0200][gc,start    ] GC(1) Pause Young (Concurrent Start) (Metadata GC Threshold)
[2024-10-20T16:16:38.788+0200][gc,task     ] GC(1) Using 8 workers of 8 for evacuation
[2024-10-20T16:16:38.795+0200][gc,phases   ] GC(1)   Pre Evacuate Collection Set: 0,2ms
[2024-10-20T16:16:38.795+0200][gc,phases   ] GC(1)   Merge Heap Roots: 0,1ms
[2024-10-20T16:16:38.795+0200][gc,phases   ] GC(1)   Evacuate Collection Set: 5,8ms
[2024-10-20T16:16:38.795+0200][gc,phases   ] GC(1)   Post Evacuate Collection Set: 0,5ms
[2024-10-20T16:16:38.795+0200][gc,phases   ] GC(1)   Other: 0,3ms
[2024-10-20T16:16:38.795+0200][gc,heap     ] GC(1) Eden regions: 14->0(49)
[2024-10-20T16:16:38.795+0200][gc,heap     ] GC(1) Survivor regions: 7->2(7)
[2024-10-20T16:16:38.795+0200][gc,heap     ] GC(1) Old regions: 1->8
[2024-10-20T16:16:38.795+0200][gc,heap     ] GC(1) Archive regions: 2->2
[2024-10-20T16:16:38.795+0200][gc,heap     ] GC(1) Humongous regions: 0->0
[2024-10-20T16:16:38.795+0200][gc,metaspace] GC(1) Metaspace: 21342K(21504K)->21342K(21504K) NonClass: 18743K(18816K)->18743K(18816K) Class: 2599K(2688K)->2599K(2688K)
[2024-10-20T16:16:38.795+0200][gc          ] GC(1) Pause Young (Concurrent Start) (Metadata GC Threshold) 22M->9M(1024M) 6,966ms
[2024-10-20T16:16:38.795+0200][gc,cpu      ] GC(1) User=0,04s Sys=0,00s Real=0,00s
[2024-10-20T16:16:38.795+0200][gc          ] GC(2) Concurrent Mark Cycle
[2024-10-20T16:16:38.795+0200][gc,marking  ] GC(2) Concurrent Clear Claimed Marks
[2024-10-20T16:16:38.795+0200][gc,marking  ] GC(2) Concurrent Clear Claimed Marks 0,018ms
[2024-10-20T16:16:38.795+0200][gc,marking  ] GC(2) Concurrent Scan Root Regions
[2024-10-20T16:16:38.798+0200][gc,marking  ] GC(2) Concurrent Scan Root Regions 3,204ms
[2024-10-20T16:16:38.798+0200][gc,marking  ] GC(2) Concurrent Mark
[2024-10-20T16:16:38.798+0200][gc,marking  ] GC(2) Concurrent Mark From Roots
[2024-10-20T16:16:38.798+0200][gc,task     ] GC(2) Using 2 workers of 2 for marking
[2024-10-20T16:16:38.800+0200][gc,marking  ] GC(2) Concurrent Mark From Roots 1,906ms
[2024-10-20T16:16:38.800+0200][gc,marking  ] GC(2) Concurrent Preclean
[2024-10-20T16:16:38.800+0200][gc,marking  ] GC(2) Concurrent Preclean 0,120ms
[2024-10-20T16:16:38.801+0200][gc,start    ] GC(2) Pause Remark
[2024-10-20T16:16:38.802+0200][gc          ] GC(2) Pause Remark 10M->10M(1024M) 1,589ms
[2024-10-20T16:16:38.802+0200][gc,cpu      ] GC(2) User=0,01s Sys=0,00s Real=0,00s
[2024-10-20T16:16:38.802+0200][gc,marking  ] GC(2) Concurrent Mark 3,844ms
[2024-10-20T16:16:38.802+0200][gc,marking  ] GC(2) Concurrent Rebuild Remembered Sets
[2024-10-20T16:16:38.805+0200][gc,marking  ] GC(2) Concurrent Rebuild Remembered Sets 2,369ms
[2024-10-20T16:16:38.805+0200][gc,start    ] GC(2) Pause Cleanup
[2024-10-20T16:16:38.805+0200][gc          ] GC(2) Pause Cleanup 10M->10M(1024M) 0,135ms
[2024-10-20T16:16:38.805+0200][gc,cpu      ] GC(2) User=0,00s Sys=0,00s Real=0,00s
[2024-10-20T16:16:38.805+0200][gc,marking  ] GC(2) Concurrent Cleanup for Next Mark
[2024-10-20T16:16:38.811+0200][gc,marking  ] GC(2) Concurrent Cleanup for Next Mark 5,945ms
[2024-10-20T16:16:38.811+0200][gc          ] GC(2) Concurrent Mark Cycle 15,789ms
[2024-10-20T16:16:39.591+0200][gc,start    ] GC(3) Pause Young (Normal) (G1 Evacuation Pause)
[2024-10-20T16:16:39.591+0200][gc,task     ] GC(3) Using 8 workers of 8 for evacuation
[2024-10-20T16:16:39.596+0200][gc,phases   ] GC(3)   Pre Evacuate Collection Set: 0,1ms
[2024-10-20T16:16:39.596+0200][gc,phases   ] GC(3)   Merge Heap Roots: 0,0ms
[2024-10-20T16:16:39.596+0200][gc,phases   ] GC(3)   Evacuate Collection Set: 4,4ms
[2024-10-20T16:16:39.596+0200][gc,phases   ] GC(3)   Post Evacuate Collection Set: 0,6ms
[2024-10-20T16:16:39.596+0200][gc,phases   ] GC(3)   Other: 0,2ms
[2024-10-20T16:16:39.596+0200][gc,heap     ] GC(3) Eden regions: 49->0(45)
[2024-10-20T16:16:39.596+0200][gc,heap     ] GC(3) Survivor regions: 2->6(7)
[2024-10-20T16:16:39.596+0200][gc,heap     ] GC(3) Old regions: 8->8
[2024-10-20T16:16:39.596+0200][gc,heap     ] GC(3) Archive regions: 2->2
[2024-10-20T16:16:39.597+0200][gc,heap     ] GC(3) Humongous regions: 129->129
[2024-10-20T16:16:39.597+0200][gc,metaspace] GC(3) Metaspace: 32385K(32704K)->32385K(32704K) NonClass: 28721K(28928K)->28721K(28928K) Class: 3664K(3776K)->3664K(3776K)
[2024-10-20T16:16:39.597+0200][gc          ] GC(3) Pause Young (Normal) (G1 Evacuation Pause) 187M->143M(1024M) 5,509ms
[2024-10-20T16:16:39.597+0200][gc,cpu      ] GC(3) User=0,03s Sys=0,00s Real=0,00s
[2024-10-20T16:16:39.757+0200][gc,start    ] GC(4) Pause Young (Concurrent Start) (Metadata GC Threshold)
[2024-10-20T16:16:39.757+0200][gc,task     ] GC(4) Using 8 workers of 8 for evacuation
[2024-10-20T16:16:39.762+0200][gc,phases   ] GC(4)   Pre Evacuate Collection Set: 0,7ms
[2024-10-20T16:16:39.762+0200][gc,phases   ] GC(4)   Merge Heap Roots: 0,1ms
[2024-10-20T16:16:39.762+0200][gc,phases   ] GC(4)   Evacuate Collection Set: 4,0ms
[2024-10-20T16:16:39.762+0200][gc,phases   ] GC(4)   Post Evacuate Collection Set: 0,4ms
[2024-10-20T16:16:39.762+0200][gc,phases   ] GC(4)   Other: 0,2ms
[2024-10-20T16:16:39.762+0200][gc,heap     ] GC(4) Eden regions: 15->0(50)
[2024-10-20T16:16:39.762+0200][gc,heap     ] GC(4) Survivor regions: 6->1(7)
[2024-10-20T16:16:39.762+0200][gc,heap     ] GC(4) Old regions: 8->14
[2024-10-20T16:16:39.762+0200][gc,heap     ] GC(4) Archive regions: 2->2
[2024-10-20T16:16:39.762+0200][gc,heap     ] GC(4) Humongous regions: 129->129
[2024-10-20T16:16:39.762+0200][gc,metaspace] GC(4) Metaspace: 35670K(35968K)->35670K(35968K) NonClass: 31561K(31744K)->31561K(31744K) Class: 4108K(4224K)->4108K(4224K)
[2024-10-20T16:16:39.762+0200][gc          ] GC(4) Pause Young (Concurrent Start) (Metadata GC Threshold) 158M->144M(1024M) 5,439ms
[2024-10-20T16:16:39.762+0200][gc,cpu      ] GC(4) User=0,02s Sys=0,01s Real=0,01s
[2024-10-20T16:16:39.762+0200][gc          ] GC(5) Concurrent Mark Cycle
[2024-10-20T16:16:39.762+0200][gc,marking  ] GC(5) Concurrent Clear Claimed Marks
[2024-10-20T16:16:39.762+0200][gc,marking  ] GC(5) Concurrent Clear Claimed Marks 0,026ms
[2024-10-20T16:16:39.762+0200][gc,marking  ] GC(5) Concurrent Scan Root Regions
[2024-10-20T16:16:39.765+0200][gc,marking  ] GC(5) Concurrent Scan Root Regions 2,952ms
[2024-10-20T16:16:39.765+0200][gc,marking  ] GC(5) Concurrent Mark
[2024-10-20T16:16:39.765+0200][gc,marking  ] GC(5) Concurrent Mark From Roots
[2024-10-20T16:16:39.765+0200][gc,task     ] GC(5) Using 2 workers of 2 for marking
[2024-10-20T16:16:39.772+0200][gc,marking  ] GC(5) Concurrent Mark From Roots 6,579ms
[2024-10-20T16:16:39.772+0200][gc,marking  ] GC(5) Concurrent Preclean
[2024-10-20T16:16:39.772+0200][gc,marking  ] GC(5) Concurrent Preclean 0,212ms
[2024-10-20T16:16:39.772+0200][gc,start    ] GC(5) Pause Remark
[2024-10-20T16:16:39.774+0200][gc          ] GC(5) Pause Remark 146M->146M(1024M) 1,325ms
[2024-10-20T16:16:39.774+0200][gc,cpu      ] GC(5) User=0,01s Sys=0,00s Real=0,00s
[2024-10-20T16:16:39.774+0200][gc,marking  ] GC(5) Concurrent Mark 8,375ms
[2024-10-20T16:16:39.774+0200][gc,marking  ] GC(5) Concurrent Rebuild Remembered Sets
[2024-10-20T16:16:39.778+0200][gc,marking  ] GC(5) Concurrent Rebuild Remembered Sets 4,668ms
[2024-10-20T16:16:39.779+0200][gc,start    ] GC(5) Pause Cleanup
[2024-10-20T16:16:39.779+0200][gc          ] GC(5) Pause Cleanup 146M->146M(1024M) 0,184ms
[2024-10-20T16:16:39.779+0200][gc,cpu      ] GC(5) User=0,00s Sys=0,00s Real=0,00s
[2024-10-20T16:16:39.779+0200][gc,marking  ] GC(5) Concurrent Cleanup for Next Mark
[2024-10-20T16:16:39.785+0200][gc,marking  ] GC(5) Concurrent Cleanup for Next Mark 6,552ms
[2024-10-20T16:16:39.785+0200][gc          ] GC(5) Concurrent Mark Cycle 23,128ms
[2024-10-20T16:20:04.959+0200][gc,start    ] GC(6) Pause Young (Normal) (G1 Evacuation Pause)
[2024-10-20T16:20:04.959+0200][gc,task     ] GC(6) Using 8 workers of 8 for evacuation
[2024-10-20T16:20:04.966+0200][gc,phases   ] GC(6)   Pre Evacuate Collection Set: 0,2ms
[2024-10-20T16:20:04.966+0200][gc,phases   ] GC(6)   Merge Heap Roots: 0,1ms
[2024-10-20T16:20:04.966+0200][gc,phases   ] GC(6)   Evacuate Collection Set: 5,9ms
[2024-10-20T16:20:04.966+0200][gc,phases   ] GC(6)   Post Evacuate Collection Set: 1,0ms
[2024-10-20T16:20:04.966+0200][gc,phases   ] GC(6)   Other: 0,3ms
[2024-10-20T16:20:04.966+0200][gc,heap     ] GC(6) Eden regions: 50->0(46)
[2024-10-20T16:20:04.966+0200][gc,heap     ] GC(6) Survivor regions: 1->5(7)
[2024-10-20T16:20:04.966+0200][gc,heap     ] GC(6) Old regions: 14->14
[2024-10-20T16:20:04.966+0200][gc,heap     ] GC(6) Archive regions: 2->2
[2024-10-20T16:20:04.966+0200][gc,heap     ] GC(6) Humongous regions: 129->129
[2024-10-20T16:20:04.966+0200][gc,metaspace] GC(6) Metaspace: 41550K(42112K)->41550K(42112K) NonClass: 36516K(36864K)->36516K(36864K) Class: 5034K(5248K)->5034K(5248K)
[2024-10-20T16:20:04.966+0200][gc          ] GC(6) Pause Young (Normal) (G1 Evacuation Pause) 194M->148M(1024M) 7,665ms
[2024-10-20T16:20:04.966+0200][gc,cpu      ] GC(6) User=0,04s Sys=0,00s Real=0,00s
[2024-10-20T16:24:47.403+0200][gc,heap,exit] Heap
[2024-10-20T16:24:47.403+0200][gc,heap,exit]  garbage-first heap   total 1048576K, used 171291K [0x00000000c0000000, 0x0000000100000000)
[2024-10-20T16:24:47.403+0200][gc,heap,exit]   region size 1024K, 25 young (25600K), 5 survivors (5120K)
[2024-10-20T16:24:47.403+0200][gc,heap,exit]  Metaspace       used 42590K, committed 43136K, reserved 1114112K
[2024-10-20T16:24:47.403+0200][gc,heap,exit]   class space    used 5223K, committed 5440K, reserved 1048576K
