[2024-10-20 16:16:39,697] INFO [Controller id=0 epoch=3] Sending UpdateMetadata request to brokers HashSet(0) for 0 partitions (state.change.logger)
[2024-10-20 16:16:39,732] INFO [Controller id=0 epoch=3] Sending LeaderAndIsr request to broker 0 with 2 become-leader and 0 become-follower partitions (state.change.logger)
[2024-10-20 16:16:39,734] INFO [Controller id=0 epoch=3] Sending UpdateMetadata request to brokers HashSet(0) for 2 partitions (state.change.logger)
[2024-10-20 16:16:39,904] INFO [Broker id=0] Handling LeaderAndIsr request correlationId 1 from controller 0 for 2 partitions (state.change.logger)
[2024-10-20 16:16:39,927] INFO [Broker id=0] Stopped fetchers as part of LeaderAndIsr request correlationId 1 from controller 0 epoch 3 as part of the become-leader transition for 2 partitions (state.change.logger)
[2024-10-20 16:16:39,942] INFO [Broker id=0] Leader taxi_requests-0 with topic id Some(cGEzH36PTJi4Y_M6QG82dg) starts at leader epoch 0 from offset 0 with partition epoch 0, high watermark 0, ISR [0], adding replicas [] and removing replicas [] . Previous leader None and previous leader epoch was -1. (state.change.logger)
[2024-10-20 16:16:39,953] INFO [Broker id=0] Leader taxi_responses-0 with topic id Some(kL23i3FRQYGGKqdaunCxFg) starts at leader epoch 0 from offset 1 with partition epoch 0, high watermark 1, ISR [0], adding replicas [] and removing replicas [] . Previous leader None and previous leader epoch was -1. (state.change.logger)
[2024-10-20 16:16:39,965] INFO [Broker id=0] Finished LeaderAndIsr request in 64ms correlationId 1 from controller 0 for 2 partitions (state.change.logger)
[2024-10-20 16:16:39,979] INFO [Broker id=0] Add 2 partitions and deleted 0 partitions from metadata cache in response to UpdateMetadata request sent by controller 0 epoch 3 with correlation id 2 (state.change.logger)
[2024-10-20 16:19:06,013] INFO [Controller id=0 epoch=3] Changed partition __consumer_offsets-22 state from NonExistentPartition to NewPartition with assigned replicas 0 (state.change.logger)
[2024-10-20 16:19:06,013] INFO [Controller id=0 epoch=3] Changed partition __consumer_offsets-30 state from NonExistentPartition to NewPartition with assigned replicas 0 (state.change.logger)
[2024-10-20 16:19:06,013] INFO [Controller id=0 epoch=3] Changed partition __consumer_offsets-25 state from NonExistentPartition to NewPartition with assigned replicas 0 (state.change.logger)
[2024-10-20 16:19:06,014] INFO [Controller id=0 epoch=3] Changed partition __consumer_offsets-35 state from NonExistentPartition to NewPartition with assigned replicas 0 (state.change.logger)
[2024-10-20 16:19:06,014] INFO [Controller id=0 epoch=3] Changed partition __consumer_offsets-37 state from NonExistentPartition to NewPartition with assigned replicas 0 (state.change.logger)
[2024-10-20 16:19:06,014] INFO [Controller id=0 epoch=3] Changed partition __consumer_offsets-38 state from NonExistentPartition to NewPartition with assigned replicas 0 (state.change.logger)
[2024-10-20 16:19:06,014] INFO [Controller id=0 epoch=3] Changed partition __consumer_offsets-13 state from NonExistentPartition to NewPartition with assigned replicas 0 (state.change.logger)
[2024-10-20 16:19:06,014] INFO [Controller id=0 epoch=3] Changed partition __consumer_offsets-8 state from NonExistentPartition to NewPartition with assigned replicas 0 (state.change.logger)
[2024-10-20 16:19:06,014] INFO [Controller id=0 epoch=3] Changed partition __consumer_offsets-21 state from NonExistentPartition to NewPartition with assigned replicas 0 (state.change.logger)
[2024-10-20 16:19:06,014] INFO [Controller id=0 epoch=3] Changed partition __consumer_offsets-4 state from NonExistentPartition to NewPartition with assigned replicas 0 (state.change.logger)
[2024-10-20 16:19:06,014] INFO [Controller id=0 epoch=3] Changed partition __consumer_offsets-27 state from NonExistentPartition to NewPartition with assigned replicas 0 (state.change.logger)
[2024-10-20 16:19:06,014] INFO [Controller id=0 epoch=3] Changed partition __consumer_offsets-7 state from NonExistentPartition to NewPartition with assigned replicas 0 (state.change.logger)
[2024-10-20 16:19:06,014] INFO [Controller id=0 epoch=3] Changed partition __consumer_offsets-9 state from NonExistentPartition to NewPartition with assigned replicas 0 (state.change.logger)
[2024-10-20 16:19:06,015] INFO [Controller id=0 epoch=3] Changed partition __consumer_offsets-46 state from NonExistentPartition to NewPartition with assigned replicas 0 (state.change.logger)
[2024-10-20 16:19:06,015] INFO [Controller id=0 epoch=3] Changed partition __consumer_offsets-41 state from NonExistentPartition to NewPartition with assigned replicas 0 (state.change.logger)
[2024-10-20 16:19:06,015] INFO [Controller id=0 epoch=3] Changed partition __consumer_offsets-33 state from NonExistentPartition to NewPartition with assigned replicas 0 (state.change.logger)
[2024-10-20 16:19:06,015] INFO [Controller id=0 epoch=3] Changed partition __consumer_offsets-23 state from NonExistentPartition to NewPartition with assigned replicas 0 (state.change.logger)
[2024-10-20 16:19:06,015] INFO [Controller id=0 epoch=3] Changed partition __consumer_offsets-49 state from NonExistentPartition to NewPartition with assigned replicas 0 (state.change.logger)
[2024-10-20 16:19:06,015] INFO [Controller id=0 epoch=3] Changed partition __consumer_offsets-47 state from NonExistentPartition to NewPartition with assigned replicas 0 (state.change.logger)
[2024-10-20 16:19:06,015] INFO [Controller id=0 epoch=3] Changed partition __consumer_offsets-16 state from NonExistentPartition to NewPartition with assigned replicas 0 (state.change.logger)
[2024-10-20 16:19:06,015] INFO [Controller id=0 epoch=3] Changed partition __consumer_offsets-28 state from NonExistentPartition to NewPartition with assigned replicas 0 (state.change.logger)
[2024-10-20 16:19:06,015] INFO [Controller id=0 epoch=3] Changed partition __consumer_offsets-31 state from NonExistentPartition to NewPartition with assigned replicas 0 (state.change.logger)
[2024-10-20 16:19:06,015] INFO [Controller id=0 epoch=3] Changed partition __consumer_offsets-36 state from NonExistentPartition to NewPartition with assigned replicas 0 (state.change.logger)
[2024-10-20 16:19:06,015] INFO [Controller id=0 epoch=3] Changed partition __consumer_offsets-42 state from NonExistentPartition to NewPartition with assigned replicas 0 (state.change.logger)
[2024-10-20 16:19:06,016] INFO [Controller id=0 epoch=3] Changed partition __consumer_offsets-3 state from NonExistentPartition to NewPartition with assigned replicas 0 (state.change.logger)
[2024-10-20 16:19:06,016] INFO [Controller id=0 epoch=3] Changed partition __consumer_offsets-18 state from NonExistentPartition to NewPartition with assigned replicas 0 (state.change.logger)
[2024-10-20 16:19:06,016] INFO [Controller id=0 epoch=3] Changed partition __consumer_offsets-15 state from NonExistentPartition to NewPartition with assigned replicas 0 (state.change.logger)
[2024-10-20 16:19:06,016] INFO [Controller id=0 epoch=3] Changed partition __consumer_offsets-24 state from NonExistentPartition to NewPartition with assigned replicas 0 (state.change.logger)
[2024-10-20 16:19:06,016] INFO [Controller id=0 epoch=3] Changed partition __consumer_offsets-17 state from NonExistentPartition to NewPartition with assigned replicas 0 (state.change.logger)
[2024-10-20 16:19:06,016] INFO [Controller id=0 epoch=3] Changed partition __consumer_offsets-48 state from NonExistentPartition to NewPartition with assigned replicas 0 (state.change.logger)
[2024-10-20 16:19:06,016] INFO [Controller id=0 epoch=3] Changed partition __consumer_offsets-19 state from NonExistentPartition to NewPartition with assigned replicas 0 (state.change.logger)
[2024-10-20 16:19:06,016] INFO [Controller id=0 epoch=3] Changed partition __consumer_offsets-11 state from NonExistentPartition to NewPartition with assigned replicas 0 (state.change.logger)
[2024-10-20 16:19:06,016] INFO [Controller id=0 epoch=3] Changed partition __consumer_offsets-2 state from NonExistentPartition to NewPartition with assigned replicas 0 (state.change.logger)
[2024-10-20 16:19:06,016] INFO [Controller id=0 epoch=3] Changed partition __consumer_offsets-43 state from NonExistentPartition to NewPartition with assigned replicas 0 (state.change.logger)
[2024-10-20 16:19:06,016] INFO [Controller id=0 epoch=3] Changed partition __consumer_offsets-6 state from NonExistentPartition to NewPartition with assigned replicas 0 (state.change.logger)
[2024-10-20 16:19:06,017] INFO [Controller id=0 epoch=3] Changed partition __consumer_offsets-14 state from NonExistentPartition to NewPartition with assigned replicas 0 (state.change.logger)
[2024-10-20 16:19:06,017] INFO [Controller id=0 epoch=3] Changed partition __consumer_offsets-20 state from NonExistentPartition to NewPartition with assigned replicas 0 (state.change.logger)
[2024-10-20 16:19:06,017] INFO [Controller id=0 epoch=3] Changed partition __consumer_offsets-0 state from NonExistentPartition to NewPartition with assigned replicas 0 (state.change.logger)
[2024-10-20 16:19:06,017] INFO [Controller id=0 epoch=3] Changed partition __consumer_offsets-44 state from NonExistentPartition to NewPartition with assigned replicas 0 (state.change.logger)
[2024-10-20 16:19:06,017] INFO [Controller id=0 epoch=3] Changed partition __consumer_offsets-39 state from NonExistentPartition to NewPartition with assigned replicas 0 (state.change.logger)
[2024-10-20 16:19:06,017] INFO [Controller id=0 epoch=3] Changed partition __consumer_offsets-12 state from NonExistentPartition to NewPartition with assigned replicas 0 (state.change.logger)
[2024-10-20 16:19:06,017] INFO [Controller id=0 epoch=3] Changed partition __consumer_offsets-45 state from NonExistentPartition to NewPartition with assigned replicas 0 (state.change.logger)
[2024-10-20 16:19:06,017] INFO [Controller id=0 epoch=3] Changed partition __consumer_offsets-1 state from NonExistentPartition to NewPartition with assigned replicas 0 (state.change.logger)
[2024-10-20 16:19:06,017] INFO [Controller id=0 epoch=3] Changed partition __consumer_offsets-5 state from NonExistentPartition to NewPartition with assigned replicas 0 (state.change.logger)
[2024-10-20 16:19:06,017] INFO [Controller id=0 epoch=3] Changed partition __consumer_offsets-26 state from NonExistentPartition to NewPartition with assigned replicas 0 (state.change.logger)
[2024-10-20 16:19:06,017] INFO [Controller id=0 epoch=3] Changed partition __consumer_offsets-29 state from NonExistentPartition to NewPartition with assigned replicas 0 (state.change.logger)
[2024-10-20 16:19:06,017] INFO [Controller id=0 epoch=3] Changed partition __consumer_offsets-34 state from NonExistentPartition to NewPartition with assigned replicas 0 (state.change.logger)
[2024-10-20 16:19:06,018] INFO [Controller id=0 epoch=3] Changed partition __consumer_offsets-10 state from NonExistentPartition to NewPartition with assigned replicas 0 (state.change.logger)
[2024-10-20 16:19:06,018] INFO [Controller id=0 epoch=3] Changed partition __consumer_offsets-32 state from NonExistentPartition to NewPartition with assigned replicas 0 (state.change.logger)
[2024-10-20 16:19:06,018] INFO [Controller id=0 epoch=3] Changed partition __consumer_offsets-40 state from NonExistentPartition to NewPartition with assigned replicas 0 (state.change.logger)
[2024-10-20 16:19:06,018] INFO [Controller id=0 epoch=3] Sending UpdateMetadata request to brokers HashSet() for 0 partitions (state.change.logger)
[2024-10-20 16:19:06,023] INFO [Controller id=0 epoch=3] Sending UpdateMetadata request to brokers HashSet() for 0 partitions (state.change.logger)
[2024-10-20 16:19:06,131] INFO [Controller id=0 epoch=3] Changed partition __consumer_offsets-22 from NewPartition to OnlinePartition with state LeaderAndIsr(leader=0, leaderEpoch=0, isrWithBrokerEpoch=List(BrokerState(brokerId=0, brokerEpoch=-1)), leaderRecoveryState=RECOVERED, partitionEpoch=0) (state.change.logger)
[2024-10-20 16:19:06,131] INFO [Controller id=0 epoch=3] Changed partition __consumer_offsets-30 from NewPartition to OnlinePartition with state LeaderAndIsr(leader=0, leaderEpoch=0, isrWithBrokerEpoch=List(BrokerState(brokerId=0, brokerEpoch=-1)), leaderRecoveryState=RECOVERED, partitionEpoch=0) (state.change.logger)
[2024-10-20 16:19:06,131] INFO [Controller id=0 epoch=3] Changed partition __consumer_offsets-25 from NewPartition to OnlinePartition with state LeaderAndIsr(leader=0, leaderEpoch=0, isrWithBrokerEpoch=List(BrokerState(brokerId=0, brokerEpoch=-1)), leaderRecoveryState=RECOVERED, partitionEpoch=0) (state.change.logger)
[2024-10-20 16:19:06,131] INFO [Controller id=0 epoch=3] Changed partition __consumer_offsets-35 from NewPartition to OnlinePartition with state LeaderAndIsr(leader=0, leaderEpoch=0, isrWithBrokerEpoch=List(BrokerState(brokerId=0, brokerEpoch=-1)), leaderRecoveryState=RECOVERED, partitionEpoch=0) (state.change.logger)
[2024-10-20 16:19:06,131] INFO [Controller id=0 epoch=3] Changed partition __consumer_offsets-37 from NewPartition to OnlinePartition with state LeaderAndIsr(leader=0, leaderEpoch=0, isrWithBrokerEpoch=List(BrokerState(brokerId=0, brokerEpoch=-1)), leaderRecoveryState=RECOVERED, partitionEpoch=0) (state.change.logger)
[2024-10-20 16:19:06,131] INFO [Controller id=0 epoch=3] Changed partition __consumer_offsets-38 from NewPartition to OnlinePartition with state LeaderAndIsr(leader=0, leaderEpoch=0, isrWithBrokerEpoch=List(BrokerState(brokerId=0, brokerEpoch=-1)), leaderRecoveryState=RECOVERED, partitionEpoch=0) (state.change.logger)
[2024-10-20 16:19:06,131] INFO [Controller id=0 epoch=3] Changed partition __consumer_offsets-13 from NewPartition to OnlinePartition with state LeaderAndIsr(leader=0, leaderEpoch=0, isrWithBrokerEpoch=List(BrokerState(brokerId=0, brokerEpoch=-1)), leaderRecoveryState=RECOVERED, partitionEpoch=0) (state.change.logger)
[2024-10-20 16:19:06,131] INFO [Controller id=0 epoch=3] Changed partition __consumer_offsets-8 from NewPartition to OnlinePartition with state LeaderAndIsr(leader=0, leaderEpoch=0, isrWithBrokerEpoch=List(BrokerState(brokerId=0, brokerEpoch=-1)), leaderRecoveryState=RECOVERED, partitionEpoch=0) (state.change.logger)
[2024-10-20 16:19:06,131] INFO [Controller id=0 epoch=3] Changed partition __consumer_offsets-21 from NewPartition to OnlinePartition with state LeaderAndIsr(leader=0, leaderEpoch=0, isrWithBrokerEpoch=List(BrokerState(brokerId=0, brokerEpoch=-1)), leaderRecoveryState=RECOVERED, partitionEpoch=0) (state.change.logger)
[2024-10-20 16:19:06,131] INFO [Controller id=0 epoch=3] Changed partition __consumer_offsets-4 from NewPartition to OnlinePartition with state LeaderAndIsr(leader=0, leaderEpoch=0, isrWithBrokerEpoch=List(BrokerState(brokerId=0, brokerEpoch=-1)), leaderRecoveryState=RECOVERED, partitionEpoch=0) (state.change.logger)
[2024-10-20 16:19:06,131] INFO [Controller id=0 epoch=3] Changed partition __consumer_offsets-27 from NewPartition to OnlinePartition with state LeaderAndIsr(leader=0, leaderEpoch=0, isrWithBrokerEpoch=List(BrokerState(brokerId=0, brokerEpoch=-1)), leaderRecoveryState=RECOVERED, partitionEpoch=0) (state.change.logger)
[2024-10-20 16:19:06,131] INFO [Controller id=0 epoch=3] Changed partition __consumer_offsets-7 from NewPartition to OnlinePartition with state LeaderAndIsr(leader=0, leaderEpoch=0, isrWithBrokerEpoch=List(BrokerState(brokerId=0, brokerEpoch=-1)), leaderRecoveryState=RECOVERED, partitionEpoch=0) (state.change.logger)
[2024-10-20 16:19:06,131] INFO [Controller id=0 epoch=3] Changed partition __consumer_offsets-9 from NewPartition to OnlinePartition with state LeaderAndIsr(leader=0, leaderEpoch=0, isrWithBrokerEpoch=List(BrokerState(brokerId=0, brokerEpoch=-1)), leaderRecoveryState=RECOVERED, partitionEpoch=0) (state.change.logger)
[2024-10-20 16:19:06,131] INFO [Controller id=0 epoch=3] Changed partition __consumer_offsets-46 from NewPartition to OnlinePartition with state LeaderAndIsr(leader=0, leaderEpoch=0, isrWithBrokerEpoch=List(BrokerState(brokerId=0, brokerEpoch=-1)), leaderRecoveryState=RECOVERED, partitionEpoch=0) (state.change.logger)
[2024-10-20 16:19:06,131] INFO [Controller id=0 epoch=3] Changed partition __consumer_offsets-41 from NewPartition to OnlinePartition with state LeaderAndIsr(leader=0, leaderEpoch=0, isrWithBrokerEpoch=List(BrokerState(brokerId=0, brokerEpoch=-1)), leaderRecoveryState=RECOVERED, partitionEpoch=0) (state.change.logger)
[2024-10-20 16:19:06,131] INFO [Controller id=0 epoch=3] Changed partition __consumer_offsets-33 from NewPartition to OnlinePartition with state LeaderAndIsr(leader=0, leaderEpoch=0, isrWithBrokerEpoch=List(BrokerState(brokerId=0, brokerEpoch=-1)), leaderRecoveryState=RECOVERED, partitionEpoch=0) (state.change.logger)
[2024-10-20 16:19:06,131] INFO [Controller id=0 epoch=3] Changed partition __consumer_offsets-23 from NewPartition to OnlinePartition with state LeaderAndIsr(leader=0, leaderEpoch=0, isrWithBrokerEpoch=List(BrokerState(brokerId=0, brokerEpoch=-1)), leaderRecoveryState=RECOVERED, partitionEpoch=0) (state.change.logger)
[2024-10-20 16:19:06,132] INFO [Controller id=0 epoch=3] Changed partition __consumer_offsets-49 from NewPartition to OnlinePartition with state LeaderAndIsr(leader=0, leaderEpoch=0, isrWithBrokerEpoch=List(BrokerState(brokerId=0, brokerEpoch=-1)), leaderRecoveryState=RECOVERED, partitionEpoch=0) (state.change.logger)
[2024-10-20 16:19:06,132] INFO [Controller id=0 epoch=3] Changed partition __consumer_offsets-47 from NewPartition to OnlinePartition with state LeaderAndIsr(leader=0, leaderEpoch=0, isrWithBrokerEpoch=List(BrokerState(brokerId=0, brokerEpoch=-1)), leaderRecoveryState=RECOVERED, partitionEpoch=0) (state.change.logger)
[2024-10-20 16:19:06,132] INFO [Controller id=0 epoch=3] Changed partition __consumer_offsets-16 from NewPartition to OnlinePartition with state LeaderAndIsr(leader=0, leaderEpoch=0, isrWithBrokerEpoch=List(BrokerState(brokerId=0, brokerEpoch=-1)), leaderRecoveryState=RECOVERED, partitionEpoch=0) (state.change.logger)
[2024-10-20 16:19:06,132] INFO [Controller id=0 epoch=3] Changed partition __consumer_offsets-28 from NewPartition to OnlinePartition with state LeaderAndIsr(leader=0, leaderEpoch=0, isrWithBrokerEpoch=List(BrokerState(brokerId=0, brokerEpoch=-1)), leaderRecoveryState=RECOVERED, partitionEpoch=0) (state.change.logger)
[2024-10-20 16:19:06,132] INFO [Controller id=0 epoch=3] Changed partition __consumer_offsets-31 from NewPartition to OnlinePartition with state LeaderAndIsr(leader=0, leaderEpoch=0, isrWithBrokerEpoch=List(BrokerState(brokerId=0, brokerEpoch=-1)), leaderRecoveryState=RECOVERED, partitionEpoch=0) (state.change.logger)
[2024-10-20 16:19:06,132] INFO [Controller id=0 epoch=3] Changed partition __consumer_offsets-36 from NewPartition to OnlinePartition with state LeaderAndIsr(leader=0, leaderEpoch=0, isrWithBrokerEpoch=List(BrokerState(brokerId=0, brokerEpoch=-1)), leaderRecoveryState=RECOVERED, partitionEpoch=0) (state.change.logger)
[2024-10-20 16:19:06,132] INFO [Controller id=0 epoch=3] Changed partition __consumer_offsets-42 from NewPartition to OnlinePartition with state LeaderAndIsr(leader=0, leaderEpoch=0, isrWithBrokerEpoch=List(BrokerState(brokerId=0, brokerEpoch=-1)), leaderRecoveryState=RECOVERED, partitionEpoch=0) (state.change.logger)
[2024-10-20 16:19:06,132] INFO [Controller id=0 epoch=3] Changed partition __consumer_offsets-3 from NewPartition to OnlinePartition with state LeaderAndIsr(leader=0, leaderEpoch=0, isrWithBrokerEpoch=List(BrokerState(brokerId=0, brokerEpoch=-1)), leaderRecoveryState=RECOVERED, partitionEpoch=0) (state.change.logger)
[2024-10-20 16:19:06,132] INFO [Controller id=0 epoch=3] Changed partition __consumer_offsets-18 from NewPartition to OnlinePartition with state LeaderAndIsr(leader=0, leaderEpoch=0, isrWithBrokerEpoch=List(BrokerState(brokerId=0, brokerEpoch=-1)), leaderRecoveryState=RECOVERED, partitionEpoch=0) (state.change.logger)
[2024-10-20 16:19:06,132] INFO [Controller id=0 epoch=3] Changed partition __consumer_offsets-15 from NewPartition to OnlinePartition with state LeaderAndIsr(leader=0, leaderEpoch=0, isrWithBrokerEpoch=List(BrokerState(brokerId=0, brokerEpoch=-1)), leaderRecoveryState=RECOVERED, partitionEpoch=0) (state.change.logger)
[2024-10-20 16:19:06,132] INFO [Controller id=0 epoch=3] Changed partition __consumer_offsets-24 from NewPartition to OnlinePartition with state LeaderAndIsr(leader=0, leaderEpoch=0, isrWithBrokerEpoch=List(BrokerState(brokerId=0, brokerEpoch=-1)), leaderRecoveryState=RECOVERED, partitionEpoch=0) (state.change.logger)
[2024-10-20 16:19:06,132] INFO [Controller id=0 epoch=3] Changed partition __consumer_offsets-17 from NewPartition to OnlinePartition with state LeaderAndIsr(leader=0, leaderEpoch=0, isrWithBrokerEpoch=List(BrokerState(brokerId=0, brokerEpoch=-1)), leaderRecoveryState=RECOVERED, partitionEpoch=0) (state.change.logger)
[2024-10-20 16:19:06,132] INFO [Controller id=0 epoch=3] Changed partition __consumer_offsets-48 from NewPartition to OnlinePartition with state LeaderAndIsr(leader=0, leaderEpoch=0, isrWithBrokerEpoch=List(BrokerState(brokerId=0, brokerEpoch=-1)), leaderRecoveryState=RECOVERED, partitionEpoch=0) (state.change.logger)
[2024-10-20 16:19:06,132] INFO [Controller id=0 epoch=3] Changed partition __consumer_offsets-19 from NewPartition to OnlinePartition with state LeaderAndIsr(leader=0, leaderEpoch=0, isrWithBrokerEpoch=List(BrokerState(brokerId=0, brokerEpoch=-1)), leaderRecoveryState=RECOVERED, partitionEpoch=0) (state.change.logger)
[2024-10-20 16:19:06,132] INFO [Controller id=0 epoch=3] Changed partition __consumer_offsets-11 from NewPartition to OnlinePartition with state LeaderAndIsr(leader=0, leaderEpoch=0, isrWithBrokerEpoch=List(BrokerState(brokerId=0, brokerEpoch=-1)), leaderRecoveryState=RECOVERED, partitionEpoch=0) (state.change.logger)
[2024-10-20 16:19:06,132] INFO [Controller id=0 epoch=3] Changed partition __consumer_offsets-2 from NewPartition to OnlinePartition with state LeaderAndIsr(leader=0, leaderEpoch=0, isrWithBrokerEpoch=List(BrokerState(brokerId=0, brokerEpoch=-1)), leaderRecoveryState=RECOVERED, partitionEpoch=0) (state.change.logger)
[2024-10-20 16:19:06,132] INFO [Controller id=0 epoch=3] Changed partition __consumer_offsets-43 from NewPartition to OnlinePartition with state LeaderAndIsr(leader=0, leaderEpoch=0, isrWithBrokerEpoch=List(BrokerState(brokerId=0, brokerEpoch=-1)), leaderRecoveryState=RECOVERED, partitionEpoch=0) (state.change.logger)
[2024-10-20 16:19:06,132] INFO [Controller id=0 epoch=3] Changed partition __consumer_offsets-6 from NewPartition to OnlinePartition with state LeaderAndIsr(leader=0, leaderEpoch=0, isrWithBrokerEpoch=List(BrokerState(brokerId=0, brokerEpoch=-1)), leaderRecoveryState=RECOVERED, partitionEpoch=0) (state.change.logger)
[2024-10-20 16:19:06,132] INFO [Controller id=0 epoch=3] Changed partition __consumer_offsets-14 from NewPartition to OnlinePartition with state LeaderAndIsr(leader=0, leaderEpoch=0, isrWithBrokerEpoch=List(BrokerState(brokerId=0, brokerEpoch=-1)), leaderRecoveryState=RECOVERED, partitionEpoch=0) (state.change.logger)
[2024-10-20 16:19:06,132] INFO [Controller id=0 epoch=3] Changed partition __consumer_offsets-20 from NewPartition to OnlinePartition with state LeaderAndIsr(leader=0, leaderEpoch=0, isrWithBrokerEpoch=List(BrokerState(brokerId=0, brokerEpoch=-1)), leaderRecoveryState=RECOVERED, partitionEpoch=0) (state.change.logger)
[2024-10-20 16:19:06,132] INFO [Controller id=0 epoch=3] Changed partition __consumer_offsets-0 from NewPartition to OnlinePartition with state LeaderAndIsr(leader=0, leaderEpoch=0, isrWithBrokerEpoch=List(BrokerState(brokerId=0, brokerEpoch=-1)), leaderRecoveryState=RECOVERED, partitionEpoch=0) (state.change.logger)
[2024-10-20 16:19:06,132] INFO [Controller id=0 epoch=3] Changed partition __consumer_offsets-44 from NewPartition to OnlinePartition with state LeaderAndIsr(leader=0, leaderEpoch=0, isrWithBrokerEpoch=List(BrokerState(brokerId=0, brokerEpoch=-1)), leaderRecoveryState=RECOVERED, partitionEpoch=0) (state.change.logger)
[2024-10-20 16:19:06,132] INFO [Controller id=0 epoch=3] Changed partition __consumer_offsets-39 from NewPartition to OnlinePartition with state LeaderAndIsr(leader=0, leaderEpoch=0, isrWithBrokerEpoch=List(BrokerState(brokerId=0, brokerEpoch=-1)), leaderRecoveryState=RECOVERED, partitionEpoch=0) (state.change.logger)
[2024-10-20 16:19:06,132] INFO [Controller id=0 epoch=3] Changed partition __consumer_offsets-12 from NewPartition to OnlinePartition with state LeaderAndIsr(leader=0, leaderEpoch=0, isrWithBrokerEpoch=List(BrokerState(brokerId=0, brokerEpoch=-1)), leaderRecoveryState=RECOVERED, partitionEpoch=0) (state.change.logger)
[2024-10-20 16:19:06,133] INFO [Controller id=0 epoch=3] Changed partition __consumer_offsets-45 from NewPartition to OnlinePartition with state LeaderAndIsr(leader=0, leaderEpoch=0, isrWithBrokerEpoch=List(BrokerState(brokerId=0, brokerEpoch=-1)), leaderRecoveryState=RECOVERED, partitionEpoch=0) (state.change.logger)
[2024-10-20 16:19:06,133] INFO [Controller id=0 epoch=3] Changed partition __consumer_offsets-1 from NewPartition to OnlinePartition with state LeaderAndIsr(leader=0, leaderEpoch=0, isrWithBrokerEpoch=List(BrokerState(brokerId=0, brokerEpoch=-1)), leaderRecoveryState=RECOVERED, partitionEpoch=0) (state.change.logger)
[2024-10-20 16:19:06,133] INFO [Controller id=0 epoch=3] Changed partition __consumer_offsets-5 from NewPartition to OnlinePartition with state LeaderAndIsr(leader=0, leaderEpoch=0, isrWithBrokerEpoch=List(BrokerState(brokerId=0, brokerEpoch=-1)), leaderRecoveryState=RECOVERED, partitionEpoch=0) (state.change.logger)
[2024-10-20 16:19:06,133] INFO [Controller id=0 epoch=3] Changed partition __consumer_offsets-26 from NewPartition to OnlinePartition with state LeaderAndIsr(leader=0, leaderEpoch=0, isrWithBrokerEpoch=List(BrokerState(brokerId=0, brokerEpoch=-1)), leaderRecoveryState=RECOVERED, partitionEpoch=0) (state.change.logger)
[2024-10-20 16:19:06,133] INFO [Controller id=0 epoch=3] Changed partition __consumer_offsets-29 from NewPartition to OnlinePartition with state LeaderAndIsr(leader=0, leaderEpoch=0, isrWithBrokerEpoch=List(BrokerState(brokerId=0, brokerEpoch=-1)), leaderRecoveryState=RECOVERED, partitionEpoch=0) (state.change.logger)
[2024-10-20 16:19:06,133] INFO [Controller id=0 epoch=3] Changed partition __consumer_offsets-34 from NewPartition to OnlinePartition with state LeaderAndIsr(leader=0, leaderEpoch=0, isrWithBrokerEpoch=List(BrokerState(brokerId=0, brokerEpoch=-1)), leaderRecoveryState=RECOVERED, partitionEpoch=0) (state.change.logger)
[2024-10-20 16:19:06,133] INFO [Controller id=0 epoch=3] Changed partition __consumer_offsets-10 from NewPartition to OnlinePartition with state LeaderAndIsr(leader=0, leaderEpoch=0, isrWithBrokerEpoch=List(BrokerState(brokerId=0, brokerEpoch=-1)), leaderRecoveryState=RECOVERED, partitionEpoch=0) (state.change.logger)
[2024-10-20 16:19:06,133] INFO [Controller id=0 epoch=3] Changed partition __consumer_offsets-32 from NewPartition to OnlinePartition with state LeaderAndIsr(leader=0, leaderEpoch=0, isrWithBrokerEpoch=List(BrokerState(brokerId=0, brokerEpoch=-1)), leaderRecoveryState=RECOVERED, partitionEpoch=0) (state.change.logger)
[2024-10-20 16:19:06,133] INFO [Controller id=0 epoch=3] Changed partition __consumer_offsets-40 from NewPartition to OnlinePartition with state LeaderAndIsr(leader=0, leaderEpoch=0, isrWithBrokerEpoch=List(BrokerState(brokerId=0, brokerEpoch=-1)), leaderRecoveryState=RECOVERED, partitionEpoch=0) (state.change.logger)
[2024-10-20 16:19:06,133] INFO [Controller id=0 epoch=3] Sending LeaderAndIsr request to broker 0 with 50 become-leader and 0 become-follower partitions (state.change.logger)
[2024-10-20 16:19:06,133] INFO [Controller id=0 epoch=3] Sending UpdateMetadata request to brokers HashSet(0) for 50 partitions (state.change.logger)
[2024-10-20 16:19:06,135] INFO [Controller id=0 epoch=3] Sending UpdateMetadata request to brokers HashSet() for 0 partitions (state.change.logger)
[2024-10-20 16:19:06,136] INFO [Broker id=0] Handling LeaderAndIsr request correlationId 3 from controller 0 for 50 partitions (state.change.logger)
[2024-10-20 16:19:06,139] INFO [Controller id=0 epoch=3] Changed partition taxi_1_commands-0 state from NonExistentPartition to NewPartition with assigned replicas 0 (state.change.logger)
[2024-10-20 16:19:06,139] INFO [Controller id=0 epoch=3] Sending UpdateMetadata request to brokers HashSet() for 0 partitions (state.change.logger)
[2024-10-20 16:19:06,139] INFO [Controller id=0 epoch=3] Sending UpdateMetadata request to brokers HashSet() for 0 partitions (state.change.logger)
[2024-10-20 16:19:06,149] INFO [Controller id=0 epoch=3] Changed partition taxi_1_commands-0 from NewPartition to OnlinePartition with state LeaderAndIsr(leader=0, leaderEpoch=0, isrWithBrokerEpoch=List(BrokerState(brokerId=0, brokerEpoch=-1)), leaderRecoveryState=RECOVERED, partitionEpoch=0) (state.change.logger)
[2024-10-20 16:19:06,149] INFO [Controller id=0 epoch=3] Sending LeaderAndIsr request to broker 0 with 1 become-leader and 0 become-follower partitions (state.change.logger)
[2024-10-20 16:19:06,150] INFO [Controller id=0 epoch=3] Sending UpdateMetadata request to brokers HashSet(0) for 1 partitions (state.change.logger)
[2024-10-20 16:19:06,150] INFO [Controller id=0 epoch=3] Sending UpdateMetadata request to brokers HashSet() for 0 partitions (state.change.logger)
[2024-10-20 16:19:06,170] INFO [Broker id=0] Stopped fetchers as part of LeaderAndIsr request correlationId 3 from controller 0 epoch 3 as part of the become-leader transition for 50 partitions (state.change.logger)
[2024-10-20 16:19:06,189] INFO [Broker id=0] Leader __consumer_offsets-3 with topic id Some(vO8ppMv8Q_uCkA8-OtPjuQ) starts at leader epoch 0 from offset 0 with partition epoch 0, high watermark 0, ISR [0], adding replicas [] and removing replicas [] . Previous leader None and previous leader epoch was -1. (state.change.logger)
[2024-10-20 16:19:06,208] INFO [Broker id=0] Leader __consumer_offsets-18 with topic id Some(vO8ppMv8Q_uCkA8-OtPjuQ) starts at leader epoch 0 from offset 0 with partition epoch 0, high watermark 0, ISR [0], adding replicas [] and removing replicas [] . Previous leader None and previous leader epoch was -1. (state.change.logger)
[2024-10-20 16:19:06,225] INFO [Broker id=0] Leader __consumer_offsets-41 with topic id Some(vO8ppMv8Q_uCkA8-OtPjuQ) starts at leader epoch 0 from offset 0 with partition epoch 0, high watermark 0, ISR [0], adding replicas [] and removing replicas [] . Previous leader None and previous leader epoch was -1. (state.change.logger)
[2024-10-20 16:19:06,243] INFO [Broker id=0] Leader __consumer_offsets-10 with topic id Some(vO8ppMv8Q_uCkA8-OtPjuQ) starts at leader epoch 0 from offset 0 with partition epoch 0, high watermark 0, ISR [0], adding replicas [] and removing replicas [] . Previous leader None and previous leader epoch was -1. (state.change.logger)
[2024-10-20 16:19:06,260] INFO [Broker id=0] Leader __consumer_offsets-33 with topic id Some(vO8ppMv8Q_uCkA8-OtPjuQ) starts at leader epoch 0 from offset 0 with partition epoch 0, high watermark 0, ISR [0], adding replicas [] and removing replicas [] . Previous leader None and previous leader epoch was -1. (state.change.logger)
[2024-10-20 16:19:06,277] INFO [Broker id=0] Leader __consumer_offsets-48 with topic id Some(vO8ppMv8Q_uCkA8-OtPjuQ) starts at leader epoch 0 from offset 0 with partition epoch 0, high watermark 0, ISR [0], adding replicas [] and removing replicas [] . Previous leader None and previous leader epoch was -1. (state.change.logger)
[2024-10-20 16:19:06,295] INFO [Broker id=0] Leader __consumer_offsets-19 with topic id Some(vO8ppMv8Q_uCkA8-OtPjuQ) starts at leader epoch 0 from offset 0 with partition epoch 0, high watermark 0, ISR [0], adding replicas [] and removing replicas [] . Previous leader None and previous leader epoch was -1. (state.change.logger)
[2024-10-20 16:19:06,311] INFO [Broker id=0] Leader __consumer_offsets-34 with topic id Some(vO8ppMv8Q_uCkA8-OtPjuQ) starts at leader epoch 0 from offset 0 with partition epoch 0, high watermark 0, ISR [0], adding replicas [] and removing replicas [] . Previous leader None and previous leader epoch was -1. (state.change.logger)
[2024-10-20 16:19:06,329] INFO [Broker id=0] Leader __consumer_offsets-4 with topic id Some(vO8ppMv8Q_uCkA8-OtPjuQ) starts at leader epoch 0 from offset 0 with partition epoch 0, high watermark 0, ISR [0], adding replicas [] and removing replicas [] . Previous leader None and previous leader epoch was -1. (state.change.logger)
[2024-10-20 16:19:06,348] INFO [Broker id=0] Leader __consumer_offsets-11 with topic id Some(vO8ppMv8Q_uCkA8-OtPjuQ) starts at leader epoch 0 from offset 0 with partition epoch 0, high watermark 0, ISR [0], adding replicas [] and removing replicas [] . Previous leader None and previous leader epoch was -1. (state.change.logger)
[2024-10-20 16:19:06,367] INFO [Broker id=0] Leader __consumer_offsets-26 with topic id Some(vO8ppMv8Q_uCkA8-OtPjuQ) starts at leader epoch 0 from offset 0 with partition epoch 0, high watermark 0, ISR [0], adding replicas [] and removing replicas [] . Previous leader None and previous leader epoch was -1. (state.change.logger)
[2024-10-20 16:19:06,383] INFO [Broker id=0] Leader __consumer_offsets-49 with topic id Some(vO8ppMv8Q_uCkA8-OtPjuQ) starts at leader epoch 0 from offset 0 with partition epoch 0, high watermark 0, ISR [0], adding replicas [] and removing replicas [] . Previous leader None and previous leader epoch was -1. (state.change.logger)
[2024-10-20 16:19:06,400] INFO [Broker id=0] Leader __consumer_offsets-39 with topic id Some(vO8ppMv8Q_uCkA8-OtPjuQ) starts at leader epoch 0 from offset 0 with partition epoch 0, high watermark 0, ISR [0], adding replicas [] and removing replicas [] . Previous leader None and previous leader epoch was -1. (state.change.logger)
[2024-10-20 16:19:06,418] INFO [Broker id=0] Leader __consumer_offsets-9 with topic id Some(vO8ppMv8Q_uCkA8-OtPjuQ) starts at leader epoch 0 from offset 0 with partition epoch 0, high watermark 0, ISR [0], adding replicas [] and removing replicas [] . Previous leader None and previous leader epoch was -1. (state.change.logger)
[2024-10-20 16:19:06,442] INFO [Broker id=0] Leader __consumer_offsets-24 with topic id Some(vO8ppMv8Q_uCkA8-OtPjuQ) starts at leader epoch 0 from offset 0 with partition epoch 0, high watermark 0, ISR [0], adding replicas [] and removing replicas [] . Previous leader None and previous leader epoch was -1. (state.change.logger)
[2024-10-20 16:19:06,459] INFO [Broker id=0] Leader __consumer_offsets-31 with topic id Some(vO8ppMv8Q_uCkA8-OtPjuQ) starts at leader epoch 0 from offset 0 with partition epoch 0, high watermark 0, ISR [0], adding replicas [] and removing replicas [] . Previous leader None and previous leader epoch was -1. (state.change.logger)
[2024-10-20 16:19:06,475] INFO [Broker id=0] Leader __consumer_offsets-46 with topic id Some(vO8ppMv8Q_uCkA8-OtPjuQ) starts at leader epoch 0 from offset 0 with partition epoch 0, high watermark 0, ISR [0], adding replicas [] and removing replicas [] . Previous leader None and previous leader epoch was -1. (state.change.logger)
[2024-10-20 16:19:06,492] INFO [Broker id=0] Leader __consumer_offsets-1 with topic id Some(vO8ppMv8Q_uCkA8-OtPjuQ) starts at leader epoch 0 from offset 0 with partition epoch 0, high watermark 0, ISR [0], adding replicas [] and removing replicas [] . Previous leader None and previous leader epoch was -1. (state.change.logger)
[2024-10-20 16:19:06,509] INFO [Broker id=0] Leader __consumer_offsets-16 with topic id Some(vO8ppMv8Q_uCkA8-OtPjuQ) starts at leader epoch 0 from offset 0 with partition epoch 0, high watermark 0, ISR [0], adding replicas [] and removing replicas [] . Previous leader None and previous leader epoch was -1. (state.change.logger)
[2024-10-20 16:19:06,528] INFO [Broker id=0] Leader __consumer_offsets-2 with topic id Some(vO8ppMv8Q_uCkA8-OtPjuQ) starts at leader epoch 0 from offset 0 with partition epoch 0, high watermark 0, ISR [0], adding replicas [] and removing replicas [] . Previous leader None and previous leader epoch was -1. (state.change.logger)
[2024-10-20 16:19:06,548] INFO [Broker id=0] Leader __consumer_offsets-25 with topic id Some(vO8ppMv8Q_uCkA8-OtPjuQ) starts at leader epoch 0 from offset 0 with partition epoch 0, high watermark 0, ISR [0], adding replicas [] and removing replicas [] . Previous leader None and previous leader epoch was -1. (state.change.logger)
[2024-10-20 16:19:06,566] INFO [Broker id=0] Leader __consumer_offsets-40 with topic id Some(vO8ppMv8Q_uCkA8-OtPjuQ) starts at leader epoch 0 from offset 0 with partition epoch 0, high watermark 0, ISR [0], adding replicas [] and removing replicas [] . Previous leader None and previous leader epoch was -1. (state.change.logger)
[2024-10-20 16:19:06,585] INFO [Broker id=0] Leader __consumer_offsets-47 with topic id Some(vO8ppMv8Q_uCkA8-OtPjuQ) starts at leader epoch 0 from offset 0 with partition epoch 0, high watermark 0, ISR [0], adding replicas [] and removing replicas [] . Previous leader None and previous leader epoch was -1. (state.change.logger)
[2024-10-20 16:19:06,601] INFO [Broker id=0] Leader __consumer_offsets-17 with topic id Some(vO8ppMv8Q_uCkA8-OtPjuQ) starts at leader epoch 0 from offset 0 with partition epoch 0, high watermark 0, ISR [0], adding replicas [] and removing replicas [] . Previous leader None and previous leader epoch was -1. (state.change.logger)
[2024-10-20 16:19:06,619] INFO [Broker id=0] Leader __consumer_offsets-32 with topic id Some(vO8ppMv8Q_uCkA8-OtPjuQ) starts at leader epoch 0 from offset 0 with partition epoch 0, high watermark 0, ISR [0], adding replicas [] and removing replicas [] . Previous leader None and previous leader epoch was -1. (state.change.logger)
[2024-10-20 16:19:06,639] INFO [Broker id=0] Leader __consumer_offsets-37 with topic id Some(vO8ppMv8Q_uCkA8-OtPjuQ) starts at leader epoch 0 from offset 0 with partition epoch 0, high watermark 0, ISR [0], adding replicas [] and removing replicas [] . Previous leader None and previous leader epoch was -1. (state.change.logger)
[2024-10-20 16:19:06,658] INFO [Broker id=0] Leader __consumer_offsets-7 with topic id Some(vO8ppMv8Q_uCkA8-OtPjuQ) starts at leader epoch 0 from offset 0 with partition epoch 0, high watermark 0, ISR [0], adding replicas [] and removing replicas [] . Previous leader None and previous leader epoch was -1. (state.change.logger)
[2024-10-20 16:19:06,676] INFO [Broker id=0] Leader __consumer_offsets-22 with topic id Some(vO8ppMv8Q_uCkA8-OtPjuQ) starts at leader epoch 0 from offset 0 with partition epoch 0, high watermark 0, ISR [0], adding replicas [] and removing replicas [] . Previous leader None and previous leader epoch was -1. (state.change.logger)
[2024-10-20 16:19:06,695] INFO [Broker id=0] Leader __consumer_offsets-29 with topic id Some(vO8ppMv8Q_uCkA8-OtPjuQ) starts at leader epoch 0 from offset 0 with partition epoch 0, high watermark 0, ISR [0], adding replicas [] and removing replicas [] . Previous leader None and previous leader epoch was -1. (state.change.logger)
[2024-10-20 16:19:06,717] INFO [Broker id=0] Leader __consumer_offsets-44 with topic id Some(vO8ppMv8Q_uCkA8-OtPjuQ) starts at leader epoch 0 from offset 0 with partition epoch 0, high watermark 0, ISR [0], adding replicas [] and removing replicas [] . Previous leader None and previous leader epoch was -1. (state.change.logger)
[2024-10-20 16:19:06,739] INFO [Broker id=0] Leader __consumer_offsets-14 with topic id Some(vO8ppMv8Q_uCkA8-OtPjuQ) starts at leader epoch 0 from offset 0 with partition epoch 0, high watermark 0, ISR [0], adding replicas [] and removing replicas [] . Previous leader None and previous leader epoch was -1. (state.change.logger)
[2024-10-20 16:19:06,760] INFO [Broker id=0] Leader __consumer_offsets-23 with topic id Some(vO8ppMv8Q_uCkA8-OtPjuQ) starts at leader epoch 0 from offset 0 with partition epoch 0, high watermark 0, ISR [0], adding replicas [] and removing replicas [] . Previous leader None and previous leader epoch was -1. (state.change.logger)
[2024-10-20 16:19:06,778] INFO [Broker id=0] Leader __consumer_offsets-38 with topic id Some(vO8ppMv8Q_uCkA8-OtPjuQ) starts at leader epoch 0 from offset 0 with partition epoch 0, high watermark 0, ISR [0], adding replicas [] and removing replicas [] . Previous leader None and previous leader epoch was -1. (state.change.logger)
[2024-10-20 16:19:06,796] INFO [Broker id=0] Leader __consumer_offsets-8 with topic id Some(vO8ppMv8Q_uCkA8-OtPjuQ) starts at leader epoch 0 from offset 0 with partition epoch 0, high watermark 0, ISR [0], adding replicas [] and removing replicas [] . Previous leader None and previous leader epoch was -1. (state.change.logger)
[2024-10-20 16:19:06,815] INFO [Broker id=0] Leader __consumer_offsets-45 with topic id Some(vO8ppMv8Q_uCkA8-OtPjuQ) starts at leader epoch 0 from offset 0 with partition epoch 0, high watermark 0, ISR [0], adding replicas [] and removing replicas [] . Previous leader None and previous leader epoch was -1. (state.change.logger)
[2024-10-20 16:19:06,834] INFO [Broker id=0] Leader __consumer_offsets-15 with topic id Some(vO8ppMv8Q_uCkA8-OtPjuQ) starts at leader epoch 0 from offset 0 with partition epoch 0, high watermark 0, ISR [0], adding replicas [] and removing replicas [] . Previous leader None and previous leader epoch was -1. (state.change.logger)
[2024-10-20 16:19:06,852] INFO [Broker id=0] Leader __consumer_offsets-30 with topic id Some(vO8ppMv8Q_uCkA8-OtPjuQ) starts at leader epoch 0 from offset 0 with partition epoch 0, high watermark 0, ISR [0], adding replicas [] and removing replicas [] . Previous leader None and previous leader epoch was -1. (state.change.logger)
[2024-10-20 16:19:06,872] INFO [Broker id=0] Leader __consumer_offsets-0 with topic id Some(vO8ppMv8Q_uCkA8-OtPjuQ) starts at leader epoch 0 from offset 0 with partition epoch 0, high watermark 0, ISR [0], adding replicas [] and removing replicas [] . Previous leader None and previous leader epoch was -1. (state.change.logger)
[2024-10-20 16:19:06,889] INFO [Broker id=0] Leader __consumer_offsets-35 with topic id Some(vO8ppMv8Q_uCkA8-OtPjuQ) starts at leader epoch 0 from offset 0 with partition epoch 0, high watermark 0, ISR [0], adding replicas [] and removing replicas [] . Previous leader None and previous leader epoch was -1. (state.change.logger)
[2024-10-20 16:19:06,905] INFO [Broker id=0] Leader __consumer_offsets-5 with topic id Some(vO8ppMv8Q_uCkA8-OtPjuQ) starts at leader epoch 0 from offset 0 with partition epoch 0, high watermark 0, ISR [0], adding replicas [] and removing replicas [] . Previous leader None and previous leader epoch was -1. (state.change.logger)
[2024-10-20 16:19:06,923] INFO [Broker id=0] Leader __consumer_offsets-20 with topic id Some(vO8ppMv8Q_uCkA8-OtPjuQ) starts at leader epoch 0 from offset 0 with partition epoch 0, high watermark 0, ISR [0], adding replicas [] and removing replicas [] . Previous leader None and previous leader epoch was -1. (state.change.logger)
[2024-10-20 16:19:06,944] INFO [Broker id=0] Leader __consumer_offsets-27 with topic id Some(vO8ppMv8Q_uCkA8-OtPjuQ) starts at leader epoch 0 from offset 0 with partition epoch 0, high watermark 0, ISR [0], adding replicas [] and removing replicas [] . Previous leader None and previous leader epoch was -1. (state.change.logger)
[2024-10-20 16:19:06,963] INFO [Broker id=0] Leader __consumer_offsets-42 with topic id Some(vO8ppMv8Q_uCkA8-OtPjuQ) starts at leader epoch 0 from offset 0 with partition epoch 0, high watermark 0, ISR [0], adding replicas [] and removing replicas [] . Previous leader None and previous leader epoch was -1. (state.change.logger)
[2024-10-20 16:19:06,987] INFO [Broker id=0] Leader __consumer_offsets-12 with topic id Some(vO8ppMv8Q_uCkA8-OtPjuQ) starts at leader epoch 0 from offset 0 with partition epoch 0, high watermark 0, ISR [0], adding replicas [] and removing replicas [] . Previous leader None and previous leader epoch was -1. (state.change.logger)
[2024-10-20 16:19:07,006] INFO [Broker id=0] Leader __consumer_offsets-21 with topic id Some(vO8ppMv8Q_uCkA8-OtPjuQ) starts at leader epoch 0 from offset 0 with partition epoch 0, high watermark 0, ISR [0], adding replicas [] and removing replicas [] . Previous leader None and previous leader epoch was -1. (state.change.logger)
[2024-10-20 16:19:07,026] INFO [Broker id=0] Leader __consumer_offsets-36 with topic id Some(vO8ppMv8Q_uCkA8-OtPjuQ) starts at leader epoch 0 from offset 0 with partition epoch 0, high watermark 0, ISR [0], adding replicas [] and removing replicas [] . Previous leader None and previous leader epoch was -1. (state.change.logger)
[2024-10-20 16:19:07,046] INFO [Broker id=0] Leader __consumer_offsets-6 with topic id Some(vO8ppMv8Q_uCkA8-OtPjuQ) starts at leader epoch 0 from offset 0 with partition epoch 0, high watermark 0, ISR [0], adding replicas [] and removing replicas [] . Previous leader None and previous leader epoch was -1. (state.change.logger)
[2024-10-20 16:19:07,065] INFO [Broker id=0] Leader __consumer_offsets-43 with topic id Some(vO8ppMv8Q_uCkA8-OtPjuQ) starts at leader epoch 0 from offset 0 with partition epoch 0, high watermark 0, ISR [0], adding replicas [] and removing replicas [] . Previous leader None and previous leader epoch was -1. (state.change.logger)
[2024-10-20 16:19:07,085] INFO [Broker id=0] Leader __consumer_offsets-13 with topic id Some(vO8ppMv8Q_uCkA8-OtPjuQ) starts at leader epoch 0 from offset 0 with partition epoch 0, high watermark 0, ISR [0], adding replicas [] and removing replicas [] . Previous leader None and previous leader epoch was -1. (state.change.logger)
[2024-10-20 16:19:07,103] INFO [Broker id=0] Leader __consumer_offsets-28 with topic id Some(vO8ppMv8Q_uCkA8-OtPjuQ) starts at leader epoch 0 from offset 0 with partition epoch 0, high watermark 0, ISR [0], adding replicas [] and removing replicas [] . Previous leader None and previous leader epoch was -1. (state.change.logger)
[2024-10-20 16:19:07,124] INFO [Broker id=0] Finished LeaderAndIsr request in 988ms correlationId 3 from controller 0 for 50 partitions (state.change.logger)
[2024-10-20 16:19:07,129] INFO [Broker id=0] Add 50 partitions and deleted 0 partitions from metadata cache in response to UpdateMetadata request sent by controller 0 epoch 3 with correlation id 4 (state.change.logger)
[2024-10-20 16:19:07,133] INFO [Broker id=0] Handling LeaderAndIsr request correlationId 5 from controller 0 for 1 partitions (state.change.logger)
[2024-10-20 16:19:07,133] INFO [Broker id=0] Stopped fetchers as part of LeaderAndIsr request correlationId 5 from controller 0 epoch 3 as part of the become-leader transition for 1 partitions (state.change.logger)
[2024-10-20 16:19:07,139] INFO [Broker id=0] Leader taxi_1_commands-0 with topic id Some(poYxT33TR0CHW71myK_JBw) starts at leader epoch 0 from offset 0 with partition epoch 0, high watermark 0, ISR [0], adding replicas [] and removing replicas [] . Previous leader None and previous leader epoch was -1. (state.change.logger)
[2024-10-20 16:19:07,151] INFO [Broker id=0] Finished LeaderAndIsr request in 19ms correlationId 5 from controller 0 for 1 partitions (state.change.logger)
[2024-10-20 16:19:07,153] INFO [Broker id=0] Add 1 partitions and deleted 0 partitions from metadata cache in response to UpdateMetadata request sent by controller 0 epoch 3 with correlation id 6 (state.change.logger)
[2024-10-20 16:24:46,206] INFO [Controller id=0 epoch=3] Sending UpdateMetadata request to brokers HashSet() for 0 partitions (state.change.logger)
